This file contains any messages produced by compilers while
running configure, to aid debugging if configure makes a mistake.

It was created by Protocol Buffers configure 3.1.0, which was
generated by GNU Autoconf 2.69.  Invocation command line was

  $ ./configure 

## --------- ##
## Platform. ##
## --------- ##

hostname = Vincents-MacBook-Pro.local
uname -m = x86_64
uname -r = 16.1.0
uname -s = Darwin
uname -v = Darwin Kernel Version 16.1.0: Thu Oct 13 21:26:57 PDT 2016; root:xnu-3789.21.3~60/RELEASE_X86_64

/usr/bin/uname -p = i386
/bin/uname -X     = unknown

/bin/arch              = unknown
/usr/bin/arch -k       = unknown
/usr/convex/getsysinfo = unknown
/usr/bin/hostinfo      = Mach kernel version:
	 Darwin Kernel Version 16.1.0: Thu Oct 13 21:26:57 PDT 2016; root:xnu-3789.21.3~60/RELEASE_X86_64
Kernel configured for up to 8 processors.
4 processors are physically available.
8 processors are logically available.
Processor type: x86_64h (Intel x86-64h Haswell)
Processors active: 0 1 2 3 4 5 6 7
Primary memory available: 16.00 gigabytes
Default processor set: 354 tasks, 2161 threads, 8 processors
Load average: 1.54, Mach factor: 6.44
/bin/machine           = unknown
/usr/bin/oslevel       = unknown
/bin/universe          = unknown

PATH: /Users/vincentngo/Library/Developer/Toolchains/swift-latest.xctoolchain/usr/bin
PATH: /Users/vincentngo/bin
PATH: /Users/vincentngo/pebble-dev/PebbleSDK-2.0.0/bin
PATH: /usr/local/bin
PATH: /Library/Frameworks/Python.framework/Versions/3.3/bin
PATH: /Users/vincentngo/.gem/bin
PATH: /usr/local/bin
PATH: /usr/bin
PATH: /bin
PATH: /usr/sbin
PATH: /sbin
PATH: /usr/texbin
PATH: /Users/vincentngo/.rvm/bin
PATH: /Users/vincentngo/.rvm/bin


## ----------- ##
## Core tests. ##
## ----------- ##

configure:2539: checking whether to enable maintainer-specific portions of Makefiles
configure:2548: result: yes
configure:2623: checking build system type
configure:2637: result: x86_64-apple-darwin16.1.0
configure:2657: checking host system type
configure:2670: result: x86_64-apple-darwin16.1.0
configure:2690: checking target system type
configure:2703: result: x86_64-apple-darwin16.1.0
configure:2746: checking for a BSD-compatible install
configure:2814: result: /usr/bin/install -c
configure:2825: checking whether build environment is sane
configure:2880: result: yes
configure:3031: checking for a thread-safe mkdir -p
configure:3070: result: ./install-sh -c -d
configure:3077: checking for gawk
configure:3107: result: no
configure:3077: checking for mawk
configure:3107: result: no
configure:3077: checking for nawk
configure:3107: result: no
configure:3077: checking for awk
configure:3093: found /usr/bin/awk
configure:3104: result: awk
configure:3115: checking whether make sets $(MAKE)
configure:3137: result: yes
configure:3166: checking whether make supports nested variables
configure:3183: result: yes
configure:3272: checking whether UID '501' is supported by ustar format
configure:3275: result: yes
configure:3282: checking whether GID '20' is supported by ustar format
configure:3285: result: yes
configure:3293: checking how to create a ustar tar archive
configure:3304: tar --version
bsdtar 2.8.3 - libarchive 2.8.3
configure:3307: $? = 0
configure:3347: tardir=conftest.dir && eval tar --format=ustar -chf - "$tardir" >conftest.tar
configure:3350: $? = 0
configure:3354: tar -xf - <conftest.tar
configure:3357: $? = 0
configure:3359: cat conftest.dir/file
GrepMe
configure:3362: $? = 0
configure:3375: result: gnutar
configure:3492: checking for gcc
configure:3508: found /usr/bin/gcc
configure:3519: result: gcc
configure:3748: checking for C compiler version
configure:3757: gcc --version >&5
Apple LLVM version 8.0.0 (clang-800.0.42.1)
Target: x86_64-apple-darwin16.1.0
Thread model: posix
InstalledDir: /Applications/Xcode-beta.app/Contents/Developer/Toolchains/XcodeDefault.xctoolchain/usr/bin
Configured with: --prefix=/Applications/Xcode-beta.app/Contents/Developer/usr --with-gxx-include-dir=/usr/include/c++/4.2.1
configure:3768: $? = 0
configure:3757: gcc -v >&5
Configured with: --prefix=/Applications/Xcode-beta.app/Contents/Developer/usr --with-gxx-include-dir=/usr/include/c++/4.2.1
Apple LLVM version 8.0.0 (clang-800.0.42.1)
Target: x86_64-apple-darwin16.1.0
Thread model: posix
InstalledDir: /Applications/Xcode-beta.app/Contents/Developer/Toolchains/XcodeDefault.xctoolchain/usr/bin
configure:3768: $? = 0
configure:3757: gcc -V >&5
clang: error: argument to '-V' is missing (expected 1 value)
clang: error: no input files
configure:3768: $? = 1
configure:3757: gcc -qversion >&5
clang: error: unknown argument: '-qversion'
clang: error: no input files
configure:3768: $? = 1
configure:3788: checking whether the C compiler works
configure:3810: gcc    conftest.c  >&5
configure:3814: $? = 0
configure:3862: result: yes
configure:3865: checking for C compiler default output file name
configure:3867: result: a.out
configure:3873: checking for suffix of executables
configure:3880: gcc -o conftest    conftest.c  >&5
configure:3884: $? = 0
configure:3906: result: 
configure:3928: checking whether we are cross compiling
configure:3936: gcc -o conftest    conftest.c  >&5
configure:3940: $? = 0
configure:3947: ./conftest
configure:3951: $? = 0
configure:3966: result: no
configure:3971: checking for suffix of object files
configure:3993: gcc -c   conftest.c >&5
configure:3997: $? = 0
configure:4018: result: o
configure:4022: checking whether we are using the GNU C compiler
configure:4041: gcc -c   conftest.c >&5
configure:4041: $? = 0
configure:4050: result: yes
configure:4059: checking whether gcc accepts -g
configure:4079: gcc -c -g  conftest.c >&5
configure:4079: $? = 0
configure:4120: result: yes
configure:4137: checking for gcc option to accept ISO C89
configure:4200: gcc  -c   conftest.c >&5
configure:4200: $? = 0
configure:4213: result: none needed
configure:4238: checking whether gcc understands -c and -o together
configure:4260: gcc -c conftest.c -o conftest2.o
configure:4263: $? = 0
configure:4260: gcc -c conftest.c -o conftest2.o
configure:4263: $? = 0
configure:4275: result: yes
configure:4303: checking for style of include used by make
configure:4331: result: GNU
configure:4357: checking dependency style of gcc
configure:4468: result: gcc3
configure:4541: checking for g++
configure:4557: found /usr/bin/g++
configure:4568: result: g++
configure:4595: checking for C++ compiler version
configure:4604: g++ --version >&5
Apple LLVM version 8.0.0 (clang-800.0.42.1)
Target: x86_64-apple-darwin16.1.0
Thread model: posix
InstalledDir: /Applications/Xcode-beta.app/Contents/Developer/Toolchains/XcodeDefault.xctoolchain/usr/bin
Configured with: --prefix=/Applications/Xcode-beta.app/Contents/Developer/usr --with-gxx-include-dir=/usr/include/c++/4.2.1
configure:4615: $? = 0
configure:4604: g++ -v >&5
Configured with: --prefix=/Applications/Xcode-beta.app/Contents/Developer/usr --with-gxx-include-dir=/usr/include/c++/4.2.1
Apple LLVM version 8.0.0 (clang-800.0.42.1)
Target: x86_64-apple-darwin16.1.0
Thread model: posix
InstalledDir: /Applications/Xcode-beta.app/Contents/Developer/Toolchains/XcodeDefault.xctoolchain/usr/bin
configure:4615: $? = 0
configure:4604: g++ -V >&5
clang: error: argument to '-V' is missing (expected 1 value)
clang: error: no input files
configure:4615: $? = 1
configure:4604: g++ -qversion >&5
clang: error: unknown argument: '-qversion'
clang: error: no input files
configure:4615: $? = 1
configure:4619: checking whether we are using the GNU C++ compiler
configure:4638: g++ -c   conftest.cpp >&5
configure:4638: $? = 0
configure:4647: result: yes
configure:4656: checking whether g++ accepts -g
configure:4676: g++ -c -g  conftest.cpp >&5
configure:4676: $? = 0
configure:4717: result: yes
configure:4742: checking dependency style of g++
configure:4853: result: gcc3
configure:4880: checking how to run the C++ preprocessor
configure:4907: g++ -E  conftest.cpp
configure:4907: $? = 0
configure:4921: g++ -E  conftest.cpp
conftest.cpp:11:10: fatal error: 'ac_nonexistent.h' file not found
#include <ac_nonexistent.h>
         ^
1 error generated.
configure:4921: $? = 1
configure: failed program was:
| /* confdefs.h */
| #define PACKAGE_NAME "Protocol Buffers"
| #define PACKAGE_TARNAME "protobuf"
| #define PACKAGE_VERSION "3.1.0"
| #define PACKAGE_STRING "Protocol Buffers 3.1.0"
| #define PACKAGE_BUGREPORT "protobuf@googlegroups.com"
| #define PACKAGE_URL ""
| #define PACKAGE "protobuf"
| #define VERSION "3.1.0"
| /* end confdefs.h.  */
| #include <ac_nonexistent.h>
configure:4946: result: g++ -E
configure:4966: g++ -E  conftest.cpp
configure:4966: $? = 0
configure:4980: g++ -E  conftest.cpp
conftest.cpp:11:10: fatal error: 'ac_nonexistent.h' file not found
#include <ac_nonexistent.h>
         ^
1 error generated.
configure:4980: $? = 1
configure: failed program was:
| /* confdefs.h */
| #define PACKAGE_NAME "Protocol Buffers"
| #define PACKAGE_TARNAME "protobuf"
| #define PACKAGE_VERSION "3.1.0"
| #define PACKAGE_STRING "Protocol Buffers 3.1.0"
| #define PACKAGE_BUGREPORT "protobuf@googlegroups.com"
| #define PACKAGE_URL ""
| #define PACKAGE "protobuf"
| #define VERSION "3.1.0"
| /* end confdefs.h.  */
| #include <ac_nonexistent.h>
configure:5009: checking for grep that handles long lines and -e
configure:5067: result: /usr/bin/grep
configure:5072: checking for egrep
configure:5134: result: /usr/bin/grep -E
configure:5139: checking for ANSI C header files
configure:5159: g++ -c   conftest.cpp >&5
configure:5159: $? = 0
configure:5232: g++ -o conftest    conftest.cpp  >&5
configure:5232: $? = 0
configure:5232: ./conftest
configure:5232: $? = 0
configure:5243: result: yes
configure:5256: checking for sys/types.h
configure:5256: g++ -c   conftest.cpp >&5
configure:5256: $? = 0
configure:5256: result: yes
configure:5256: checking for sys/stat.h
configure:5256: g++ -c   conftest.cpp >&5
configure:5256: $? = 0
configure:5256: result: yes
configure:5256: checking for stdlib.h
configure:5256: g++ -c   conftest.cpp >&5
configure:5256: $? = 0
configure:5256: result: yes
configure:5256: checking for string.h
configure:5256: g++ -c   conftest.cpp >&5
configure:5256: $? = 0
configure:5256: result: yes
configure:5256: checking for memory.h
configure:5256: g++ -c   conftest.cpp >&5
configure:5256: $? = 0
configure:5256: result: yes
configure:5256: checking for strings.h
configure:5256: g++ -c   conftest.cpp >&5
configure:5256: $? = 0
configure:5256: result: yes
configure:5256: checking for inttypes.h
configure:5256: g++ -c   conftest.cpp >&5
configure:5256: $? = 0
configure:5256: result: yes
configure:5256: checking for stdint.h
configure:5256: g++ -c   conftest.cpp >&5
configure:5256: $? = 0
configure:5256: result: yes
configure:5256: checking for unistd.h
configure:5256: g++ -c   conftest.cpp >&5
configure:5256: $? = 0
configure:5256: result: yes
configure:5269: checking minix/config.h usability
configure:5269: g++ -c   conftest.cpp >&5
conftest.cpp:54:10: fatal error: 'minix/config.h' file not found
#include <minix/config.h>
         ^
1 error generated.
configure:5269: $? = 1
configure: failed program was:
| /* confdefs.h */
| #define PACKAGE_NAME "Protocol Buffers"
| #define PACKAGE_TARNAME "protobuf"
| #define PACKAGE_VERSION "3.1.0"
| #define PACKAGE_STRING "Protocol Buffers 3.1.0"
| #define PACKAGE_BUGREPORT "protobuf@googlegroups.com"
| #define PACKAGE_URL ""
| #define PACKAGE "protobuf"
| #define VERSION "3.1.0"
| #define STDC_HEADERS 1
| #define HAVE_SYS_TYPES_H 1
| #define HAVE_SYS_STAT_H 1
| #define HAVE_STDLIB_H 1
| #define HAVE_STRING_H 1
| #define HAVE_MEMORY_H 1
| #define HAVE_STRINGS_H 1
| #define HAVE_INTTYPES_H 1
| #define HAVE_STDINT_H 1
| #define HAVE_UNISTD_H 1
| /* end confdefs.h.  */
| #include <stdio.h>
| #ifdef HAVE_SYS_TYPES_H
| # include <sys/types.h>
| #endif
| #ifdef HAVE_SYS_STAT_H
| # include <sys/stat.h>
| #endif
| #ifdef STDC_HEADERS
| # include <stdlib.h>
| # include <stddef.h>
| #else
| # ifdef HAVE_STDLIB_H
| #  include <stdlib.h>
| # endif
| #endif
| #ifdef HAVE_STRING_H
| # if !defined STDC_HEADERS && defined HAVE_MEMORY_H
| #  include <memory.h>
| # endif
| # include <string.h>
| #endif
| #ifdef HAVE_STRINGS_H
| # include <strings.h>
| #endif
| #ifdef HAVE_INTTYPES_H
| # include <inttypes.h>
| #endif
| #ifdef HAVE_STDINT_H
| # include <stdint.h>
| #endif
| #ifdef HAVE_UNISTD_H
| # include <unistd.h>
| #endif
| #include <minix/config.h>
configure:5269: result: no
configure:5269: checking minix/config.h presence
configure:5269: g++ -E  conftest.cpp
conftest.cpp:21:10: fatal error: 'minix/config.h' file not found
#include <minix/config.h>
         ^
1 error generated.
configure:5269: $? = 1
configure: failed program was:
| /* confdefs.h */
| #define PACKAGE_NAME "Protocol Buffers"
| #define PACKAGE_TARNAME "protobuf"
| #define PACKAGE_VERSION "3.1.0"
| #define PACKAGE_STRING "Protocol Buffers 3.1.0"
| #define PACKAGE_BUGREPORT "protobuf@googlegroups.com"
| #define PACKAGE_URL ""
| #define PACKAGE "protobuf"
| #define VERSION "3.1.0"
| #define STDC_HEADERS 1
| #define HAVE_SYS_TYPES_H 1
| #define HAVE_SYS_STAT_H 1
| #define HAVE_STDLIB_H 1
| #define HAVE_STRING_H 1
| #define HAVE_MEMORY_H 1
| #define HAVE_STRINGS_H 1
| #define HAVE_INTTYPES_H 1
| #define HAVE_STDINT_H 1
| #define HAVE_UNISTD_H 1
| /* end confdefs.h.  */
| #include <minix/config.h>
configure:5269: result: no
configure:5269: checking for minix/config.h
configure:5269: result: no
configure:5290: checking whether it is safe to define __EXTENSIONS__
configure:5308: g++ -c   conftest.cpp >&5
configure:5308: $? = 0
configure:5315: result: yes
configure:5384: checking for ar
configure:5400: found /usr/bin/ar
configure:5411: result: ar
configure:5437: checking the archiver (ar) interface
configure:5453: gcc -c   conftest.c >&5
configure:5453: $? = 0
configure:5455: ar cru libconftest.a conftest.o >&5
configure:5458: $? = 0
configure:5486: result: ar
configure:5568: checking for gcc
configure:5584: found /usr/bin/gcc
configure:5595: result: gcc
configure:5620: checking for Objective C compiler version
configure:5629: gcc --version >&5
Apple LLVM version 8.0.0 (clang-800.0.42.1)
Target: x86_64-apple-darwin16.1.0
Thread model: posix
InstalledDir: /Applications/Xcode-beta.app/Contents/Developer/Toolchains/XcodeDefault.xctoolchain/usr/bin
Configured with: --prefix=/Applications/Xcode-beta.app/Contents/Developer/usr --with-gxx-include-dir=/usr/include/c++/4.2.1
configure:5640: $? = 0
configure:5629: gcc -v >&5
Configured with: --prefix=/Applications/Xcode-beta.app/Contents/Developer/usr --with-gxx-include-dir=/usr/include/c++/4.2.1
Apple LLVM version 8.0.0 (clang-800.0.42.1)
Target: x86_64-apple-darwin16.1.0
Thread model: posix
InstalledDir: /Applications/Xcode-beta.app/Contents/Developer/Toolchains/XcodeDefault.xctoolchain/usr/bin
configure:5640: $? = 0
configure:5629: gcc -V >&5
clang: error: argument to '-V' is missing (expected 1 value)
clang: error: no input files
configure:5640: $? = 1
configure:5629: gcc -qversion >&5
clang: error: unknown argument: '-qversion'
clang: error: no input files
configure:5640: $? = 1
configure:5644: checking whether we are using the GNU Objective C compiler
configure:5663: gcc -c   conftest.m >&5
configure:5663: $? = 0
configure:5672: result: yes
configure:5681: checking whether gcc accepts -g
configure:5701: gcc -c -g  conftest.m >&5
configure:5701: $? = 0
configure:5742: result: yes
configure:5767: checking dependency style of gcc
configure:5876: result: gcc3
configure:5893: checking C++ compiler flags...
configure:5909: result: use default: -O2  -g -DNDEBUG
configure:5929: checking whether __SUNPRO_CC is declared
configure:5929: g++ -c  -g -DNDEBUG  conftest.cpp >&5
conftest.cpp:64:10: error: use of undeclared identifier '__SUNPRO_CC'
  (void) __SUNPRO_CC;
         ^
1 error generated.
configure:5929: $? = 1
configure: failed program was:
| /* confdefs.h */
| #define PACKAGE_NAME "Protocol Buffers"
| #define PACKAGE_TARNAME "protobuf"
| #define PACKAGE_VERSION "3.1.0"
| #define PACKAGE_STRING "Protocol Buffers 3.1.0"
| #define PACKAGE_BUGREPORT "protobuf@googlegroups.com"
| #define PACKAGE_URL ""
| #define PACKAGE "protobuf"
| #define VERSION "3.1.0"
| #define STDC_HEADERS 1
| #define HAVE_SYS_TYPES_H 1
| #define HAVE_SYS_STAT_H 1
| #define HAVE_STDLIB_H 1
| #define HAVE_STRING_H 1
| #define HAVE_MEMORY_H 1
| #define HAVE_STRINGS_H 1
| #define HAVE_INTTYPES_H 1
| #define HAVE_STDINT_H 1
| #define HAVE_UNISTD_H 1
| #define __EXTENSIONS__ 1
| #define _ALL_SOURCE 1
| #define _GNU_SOURCE 1
| #define _POSIX_PTHREAD_SEMANTICS 1
| #define _TANDEM_SOURCE 1
| /* end confdefs.h.  */
| #include <stdio.h>
| #ifdef HAVE_SYS_TYPES_H
| # include <sys/types.h>
| #endif
| #ifdef HAVE_SYS_STAT_H
| # include <sys/stat.h>
| #endif
| #ifdef STDC_HEADERS
| # include <stdlib.h>
| # include <stddef.h>
| #else
| # ifdef HAVE_STDLIB_H
| #  include <stdlib.h>
| # endif
| #endif
| #ifdef HAVE_STRING_H
| # if !defined STDC_HEADERS && defined HAVE_MEMORY_H
| #  include <memory.h>
| # endif
| # include <string.h>
| #endif
| #ifdef HAVE_STRINGS_H
| # include <strings.h>
| #endif
| #ifdef HAVE_INTTYPES_H
| # include <inttypes.h>
| #endif
| #ifdef HAVE_STDINT_H
| # include <stdint.h>
| #endif
| #ifdef HAVE_UNISTD_H
| # include <unistd.h>
| #endif
| int
| main ()
| {
| #ifndef __SUNPRO_CC
| #ifdef __cplusplus
|   (void) __SUNPRO_CC;
| #else
|   (void) __SUNPRO_CC;
| #endif
| #endif
| 
|   ;
|   return 0;
| }
configure:5929: result: no
configure:6093: checking how to print strings
configure:6120: result: printf
configure:6141: checking for a sed that does not truncate output
configure:6205: result: /usr/bin/sed
configure:6223: checking for fgrep
configure:6285: result: /usr/bin/grep -F
configure:6320: checking for ld used by gcc
configure:6387: result: /Applications/Xcode-beta.app/Contents/Developer/Toolchains/XcodeDefault.xctoolchain/usr/bin/ld
configure:6394: checking if the linker (/Applications/Xcode-beta.app/Contents/Developer/Toolchains/XcodeDefault.xctoolchain/usr/bin/ld) is GNU ld
configure:6409: result: no
configure:6421: checking for BSD- or MS-compatible name lister (nm)
configure:6470: result: /usr/bin/nm -B
configure:6600: checking the name lister (/usr/bin/nm -B) interface
configure:6607: g++ -c  -g -DNDEBUG  conftest.cpp >&5
configure:6610: /usr/bin/nm -B "conftest.o"
configure:6613: output
0000000000000228 S _some_variable
configure:6620: result: BSD nm
configure:6623: checking whether ln -s works
configure:6627: result: yes
configure:6635: checking the maximum length of command line arguments
configure:6766: result: 196608
configure:6783: checking whether the shell understands some XSI constructs
configure:6793: result: yes
configure:6797: checking whether the shell understands "+="
configure:6803: result: yes
configure:6838: checking how to convert x86_64-apple-darwin16.1.0 file names to x86_64-apple-darwin16.1.0 format
configure:6878: result: func_convert_file_noop
configure:6885: checking how to convert x86_64-apple-darwin16.1.0 file names to toolchain format
configure:6905: result: func_convert_file_noop
configure:6912: checking for /Applications/Xcode-beta.app/Contents/Developer/Toolchains/XcodeDefault.xctoolchain/usr/bin/ld option to reload object files
configure:6919: result: -r
configure:6993: checking for objdump
configure:7009: found /usr/bin/objdump
configure:7020: result: objdump
configure:7052: checking how to recognize dependent libraries
configure:7250: result: pass_all
configure:7335: checking for dlltool
configure:7365: result: no
configure:7395: checking how to associate runtime and link libraries
configure:7422: result: printf %s\n
configure:7546: checking for archiver @FILE support
configure:7563: g++ -c  -g -DNDEBUG  conftest.cpp >&5
configure:7563: $? = 0
configure:7566: ar cru libconftest.a @conftest.lst >&5
ar: @conftest.lst: No such file or directory
configure:7569: $? = 1
configure:7589: result: no
configure:7647: checking for strip
configure:7663: found /usr/bin/strip
configure:7674: result: strip
configure:7746: checking for ranlib
configure:7762: found /usr/bin/ranlib
configure:7773: result: ranlib
configure:7875: checking command to parse /usr/bin/nm -B output from gcc object
configure:7995: g++ -c  -g -DNDEBUG  conftest.cpp >&5
configure:7998: $? = 0
configure:8002: /usr/bin/nm -B conftest.o \| sed -n -e 's/^.*[ ]\([BCDEGRST][BCDEGRST]*\)[ ][ ]*\([_A-Za-z][_A-Za-z0-9]*\)$/\1 \2 \2/p' | sed '/ __gnu_lto/d' \> conftest.nm
configure:8005: $? = 0
cannot find nm_test_var in conftest.nm
configure:7995: g++ -c  -g -DNDEBUG  conftest.cpp >&5
configure:7998: $? = 0
configure:8002: /usr/bin/nm -B conftest.o \| sed -n -e 's/^.*[ ]\([BCDEGRST][BCDEGRST]*\)[ ][ ]*_\([_A-Za-z][_A-Za-z0-9]*\)$/\1 _\2 \2/p' | sed '/ __gnu_lto/d' \> conftest.nm
configure:8005: $? = 0
configure:8071: g++ -o conftest  -g -DNDEBUG   conftest.cpp conftstm.o >&5
configure:8074: $? = 0
configure:8112: result: ok
configure:8149: checking for sysroot
configure:8179: result: no
configure:8448: checking for mt
configure:8478: result: no
configure:8498: checking if : is a manifest tool
configure:8504: : '-?'
configure:8512: result: no
configure:8568: checking for dsymutil
configure:8584: found /usr/bin/dsymutil
configure:8595: result: dsymutil
configure:8660: checking for nmedit
configure:8676: found /usr/bin/nmedit
configure:8687: result: nmedit
configure:8752: checking for lipo
configure:8768: found /usr/bin/lipo
configure:8779: result: lipo
configure:8844: checking for otool
configure:8860: found /usr/bin/otool
configure:8871: result: otool
configure:8936: checking for otool64
configure:8966: result: no
configure:9011: checking for -single_module linker flag
gcc   -o libconftest.dylib -dynamiclib -Wl,-single_module conftest.c
configure:9044: result: yes
configure:9047: checking for -exported_symbols_list linker flag
configure:9067: g++ -o conftest  -g -DNDEBUG   -Wl,-exported_symbols_list,conftest.sym conftest.cpp  >&5
configure:9067: $? = 0
configure:9077: result: yes
configure:9080: checking for -force_load linker flag
gcc  -c -o conftest.o conftest.c
ar cru libconftest.a conftest.o
ranlib libconftest.a
gcc   -o conftest conftest.c -Wl,-force_load,./libconftest.a
configure:9112: result: yes
configure:9151: checking for dlfcn.h
configure:9151: g++ -c  -g -DNDEBUG  conftest.cpp >&5
configure:9151: $? = 0
configure:9151: result: yes
configure:9367: checking for objdir
configure:9382: result: .libs
configure:9653: checking if gcc supports -fno-rtti -fno-exceptions
configure:9671: gcc -c   -fno-rtti -fno-exceptions conftest.c >&5
configure:9675: $? = 0
configure:9688: result: yes
configure:10015: checking for gcc option to produce PIC
configure:10022: result: -fno-common -DPIC
configure:10030: checking if gcc PIC flag -fno-common -DPIC works
configure:10048: gcc -c   -fno-common -DPIC -DPIC conftest.c >&5
configure:10052: $? = 0
configure:10065: result: yes
configure:10094: checking if gcc static flag -static works
configure:10122: result: no
configure:10137: checking if gcc supports -c -o file.o
configure:10158: gcc -c   -o out/conftest2.o conftest.c >&5
configure:10162: $? = 0
configure:10184: result: yes
configure:10192: checking if gcc supports -c -o file.o
configure:10239: result: yes
configure:10272: checking whether the gcc linker (/Applications/Xcode-beta.app/Contents/Developer/Toolchains/XcodeDefault.xctoolchain/usr/bin/ld) supports shared libraries
configure:11429: result: yes
configure:11669: checking dynamic linker characteristics
configure:12403: result: darwin16.1.0 dyld
configure:12510: checking how to hardcode library paths into programs
configure:12535: result: immediate
configure:13075: checking whether stripping libraries is possible
configure:13089: result: yes
configure:13115: checking if libtool supports shared libraries
configure:13117: result: yes
configure:13120: checking whether to build shared libraries
configure:13141: result: yes
configure:13144: checking whether to build static libraries
configure:13148: result: yes
configure:13171: checking how to run the C++ preprocessor
configure:13237: result: g++ -E
configure:13257: g++ -E  conftest.cpp
configure:13257: $? = 0
configure:13271: g++ -E  conftest.cpp
conftest.cpp:28:10: fatal error: 'ac_nonexistent.h' file not found
#include <ac_nonexistent.h>
         ^
1 error generated.
configure:13271: $? = 1
configure: failed program was:
| /* confdefs.h */
| #define PACKAGE_NAME "Protocol Buffers"
| #define PACKAGE_TARNAME "protobuf"
| #define PACKAGE_VERSION "3.1.0"
| #define PACKAGE_STRING "Protocol Buffers 3.1.0"
| #define PACKAGE_BUGREPORT "protobuf@googlegroups.com"
| #define PACKAGE_URL ""
| #define PACKAGE "protobuf"
| #define VERSION "3.1.0"
| #define STDC_HEADERS 1
| #define HAVE_SYS_TYPES_H 1
| #define HAVE_SYS_STAT_H 1
| #define HAVE_STDLIB_H 1
| #define HAVE_STRING_H 1
| #define HAVE_MEMORY_H 1
| #define HAVE_STRINGS_H 1
| #define HAVE_INTTYPES_H 1
| #define HAVE_STDINT_H 1
| #define HAVE_UNISTD_H 1
| #define __EXTENSIONS__ 1
| #define _ALL_SOURCE 1
| #define _GNU_SOURCE 1
| #define _POSIX_PTHREAD_SEMANTICS 1
| #define _TANDEM_SOURCE 1
| #define HAVE_DLFCN_H 1
| #define LT_OBJDIR ".libs/"
| /* end confdefs.h.  */
| #include <ac_nonexistent.h>
configure:13440: checking for ld used by g++
configure:13507: result: /Applications/Xcode-beta.app/Contents/Developer/Toolchains/XcodeDefault.xctoolchain/usr/bin/ld
configure:13514: checking if the linker (/Applications/Xcode-beta.app/Contents/Developer/Toolchains/XcodeDefault.xctoolchain/usr/bin/ld) is GNU ld
configure:13529: result: no
configure:13584: checking whether the g++ linker (/Applications/Xcode-beta.app/Contents/Developer/Toolchains/XcodeDefault.xctoolchain/usr/bin/ld) supports shared libraries
configure:14586: result: yes
configure:14622: g++ -c  -g -DNDEBUG  conftest.cpp >&5
configure:14625: $? = 0
configure:15145: checking for g++ option to produce PIC
configure:15152: result: -fno-common -DPIC
configure:15160: checking if g++ PIC flag -fno-common -DPIC works
configure:15178: g++ -c  -g -DNDEBUG  -fno-common -DPIC -DPIC conftest.cpp >&5
configure:15182: $? = 0
configure:15195: result: yes
configure:15218: checking if g++ static flag -static works
configure:15246: result: no
configure:15258: checking if g++ supports -c -o file.o
configure:15279: g++ -c  -g -DNDEBUG  -o out/conftest2.o conftest.cpp >&5
configure:15283: $? = 0
configure:15305: result: yes
configure:15310: checking if g++ supports -c -o file.o
configure:15357: result: yes
configure:15387: checking whether the g++ linker (/Applications/Xcode-beta.app/Contents/Developer/Toolchains/XcodeDefault.xctoolchain/usr/bin/ld) supports shared libraries
configure:15426: result: yes
configure:15567: checking dynamic linker characteristics
configure:16235: result: darwin16.1.0 dyld
configure:16288: checking how to hardcode library paths into programs
configure:16313: result: immediate
configure:16376: checking for ANSI C header files
configure:16480: result: yes
configure:16491: checking fcntl.h usability
configure:16491: g++ -c  -g -DNDEBUG  conftest.cpp >&5
configure:16491: $? = 0
configure:16491: result: yes
configure:16491: checking fcntl.h presence
configure:16491: g++ -E  conftest.cpp
configure:16491: $? = 0
configure:16491: result: yes
configure:16491: checking for fcntl.h
configure:16491: result: yes
configure:16491: checking for inttypes.h
configure:16491: result: yes
configure:16491: checking limits.h usability
configure:16491: g++ -c  -g -DNDEBUG  conftest.cpp >&5
configure:16491: $? = 0
configure:16491: result: yes
configure:16491: checking limits.h presence
configure:16491: g++ -E  conftest.cpp
configure:16491: $? = 0
configure:16491: result: yes
configure:16491: checking for limits.h
configure:16491: result: yes
configure:16491: checking for stdlib.h
configure:16491: result: yes
configure:16491: checking for unistd.h
configure:16491: result: yes
configure:16503: checking for working memcmp
configure:16546: g++ -o conftest  -g -DNDEBUG   conftest.cpp  >&5
configure:16546: $? = 0
configure:16546: ./conftest
configure:16546: $? = 0
configure:16556: result: yes
configure:16565: checking for working strtod
configure:16606: g++ -o conftest  -g -DNDEBUG   conftest.cpp  >&5
conftest.cpp:76:20: warning: conversion from string literal to 'char *' is deprecated [-Wc++11-compat-deprecated-writable-strings]
    char *string = " +69";
                   ^
conftest.cpp:87:20: warning: conversion from string literal to 'char *' is deprecated [-Wc++11-compat-deprecated-writable-strings]
    char *string = "NaN";
                   ^
2 warnings generated.
configure:16606: $? = 0
configure:16606: ./conftest
configure:16606: $? = 0
configure:16616: result: yes
configure:16681: checking for ftruncate
configure:16681: g++ -o conftest  -g -DNDEBUG   conftest.cpp  >&5
configure:16681: $? = 0
configure:16681: result: yes
configure:16681: checking for memset
configure:16681: g++ -o conftest  -g -DNDEBUG   conftest.cpp  >&5
configure:16681: $? = 0
configure:16681: result: yes
configure:16681: checking for mkdir
configure:16681: g++ -o conftest  -g -DNDEBUG   conftest.cpp  >&5
configure:16681: $? = 0
configure:16681: result: yes
configure:16681: checking for strchr
configure:16681: g++ -o conftest  -g -DNDEBUG   conftest.cpp  >&5
configure:16681: $? = 0
configure:16681: result: yes
configure:16681: checking for strerror
configure:16681: g++ -o conftest  -g -DNDEBUG   conftest.cpp  >&5
configure:16681: $? = 0
configure:16681: result: yes
configure:16681: checking for strtol
configure:16681: g++ -o conftest  -g -DNDEBUG   conftest.cpp  >&5
configure:16681: $? = 0
configure:16681: result: yes
configure:16695: checking zlib version
configure:16715: g++ -c  -g -DNDEBUG  conftest.cpp >&5
configure:16715: $? = 0
configure:16717: result: ok (1.2.0.4 or later)
configure:16721: checking for library containing zlibVersion
configure:16752: g++ -o conftest  -g -DNDEBUG   conftest.cpp  >&5
Undefined symbols for architecture x86_64:
  "_zlibVersion", referenced from:
      _main in conftest-74a1b4.o
ld: symbol(s) not found for architecture x86_64
clang: error: linker command failed with exit code 1 (use -v to see invocation)
configure:16752: $? = 1
configure: failed program was:
| /* confdefs.h */
| #define PACKAGE_NAME "Protocol Buffers"
| #define PACKAGE_TARNAME "protobuf"
| #define PACKAGE_VERSION "3.1.0"
| #define PACKAGE_STRING "Protocol Buffers 3.1.0"
| #define PACKAGE_BUGREPORT "protobuf@googlegroups.com"
| #define PACKAGE_URL ""
| #define PACKAGE "protobuf"
| #define VERSION "3.1.0"
| #define STDC_HEADERS 1
| #define HAVE_SYS_TYPES_H 1
| #define HAVE_SYS_STAT_H 1
| #define HAVE_STDLIB_H 1
| #define HAVE_STRING_H 1
| #define HAVE_MEMORY_H 1
| #define HAVE_STRINGS_H 1
| #define HAVE_INTTYPES_H 1
| #define HAVE_STDINT_H 1
| #define HAVE_UNISTD_H 1
| #define __EXTENSIONS__ 1
| #define _ALL_SOURCE 1
| #define _GNU_SOURCE 1
| #define _POSIX_PTHREAD_SEMANTICS 1
| #define _TANDEM_SOURCE 1
| #define HAVE_DLFCN_H 1
| #define LT_OBJDIR ".libs/"
| #define STDC_HEADERS 1
| #define HAVE_FCNTL_H 1
| #define HAVE_INTTYPES_H 1
| #define HAVE_LIMITS_H 1
| #define HAVE_STDLIB_H 1
| #define HAVE_UNISTD_H 1
| #define HAVE_FTRUNCATE 1
| #define HAVE_MEMSET 1
| #define HAVE_MKDIR 1
| #define HAVE_STRCHR 1
| #define HAVE_STRERROR 1
| #define HAVE_STRTOL 1
| /* end confdefs.h.  */
| 
| /* Override any GCC internal prototype to avoid an error.
|    Use char because int might match the return type of a GCC
|    builtin and then its argument prototype would still apply.  */
| #ifdef __cplusplus
| extern "C"
| #endif
| char zlibVersion ();
| int
| main ()
| {
| return zlibVersion ();
|   ;
|   return 0;
| }
configure:16752: g++ -o conftest  -g -DNDEBUG   conftest.cpp -lz   >&5
configure:16752: $? = 0
configure:16769: result: -lz
configure:17020: checking for the pthreads library -lpthreads
configure:17053: gcc -o conftest     conftest.c -lpthreads -lz  >&5
conftest.c:46:41: warning: null passed to a callee that requires a non-null argument [-Wnonnull]
                     pthread_attr_init(0); pthread_cleanup_push(0, 0);
                                       ~^
conftest.c:47:44: warning: null passed to a callee that requires a non-null argument [-Wnonnull]
                     pthread_create(0,0,0,0); pthread_cleanup_pop(0);
                                    ~      ^
conftest.c:47:44: warning: null passed to a callee that requires a non-null argument [-Wnonnull]
                     pthread_create(0,0,0,0); pthread_cleanup_pop(0);
                                        ~  ^
3 warnings generated.
ld: library not found for -lpthreads
clang: error: linker command failed with exit code 1 (use -v to see invocation)
configure:17053: $? = 1
configure: failed program was:
| /* confdefs.h */
| #define PACKAGE_NAME "Protocol Buffers"
| #define PACKAGE_TARNAME "protobuf"
| #define PACKAGE_VERSION "3.1.0"
| #define PACKAGE_STRING "Protocol Buffers 3.1.0"
| #define PACKAGE_BUGREPORT "protobuf@googlegroups.com"
| #define PACKAGE_URL ""
| #define PACKAGE "protobuf"
| #define VERSION "3.1.0"
| #define STDC_HEADERS 1
| #define HAVE_SYS_TYPES_H 1
| #define HAVE_SYS_STAT_H 1
| #define HAVE_STDLIB_H 1
| #define HAVE_STRING_H 1
| #define HAVE_MEMORY_H 1
| #define HAVE_STRINGS_H 1
| #define HAVE_INTTYPES_H 1
| #define HAVE_STDINT_H 1
| #define HAVE_UNISTD_H 1
| #define __EXTENSIONS__ 1
| #define _ALL_SOURCE 1
| #define _GNU_SOURCE 1
| #define _POSIX_PTHREAD_SEMANTICS 1
| #define _TANDEM_SOURCE 1
| #define HAVE_DLFCN_H 1
| #define LT_OBJDIR ".libs/"
| #define STDC_HEADERS 1
| #define HAVE_FCNTL_H 1
| #define HAVE_INTTYPES_H 1
| #define HAVE_LIMITS_H 1
| #define HAVE_STDLIB_H 1
| #define HAVE_UNISTD_H 1
| #define HAVE_FTRUNCATE 1
| #define HAVE_MEMSET 1
| #define HAVE_MKDIR 1
| #define HAVE_STRCHR 1
| #define HAVE_STRERROR 1
| #define HAVE_STRTOL 1
| #define HAVE_ZLIB 1
| /* end confdefs.h.  */
| #include <pthread.h>
| int
| main ()
| {
| pthread_t th; pthread_join(th, 0);
|                      pthread_attr_init(0); pthread_cleanup_push(0, 0);
|                      pthread_create(0,0,0,0); pthread_cleanup_pop(0);
|   ;
|   return 0;
| }
configure:17062: result: no
configure:16965: checking whether pthreads work without any flags
configure:17053: gcc -o conftest     conftest.c  -lz  >&5
conftest.c:46:41: warning: null passed to a callee that requires a non-null argument [-Wnonnull]
                     pthread_attr_init(0); pthread_cleanup_push(0, 0);
                                       ~^
conftest.c:47:44: warning: null passed to a callee that requires a non-null argument [-Wnonnull]
                     pthread_create(0,0,0,0); pthread_cleanup_pop(0);
                                    ~      ^
conftest.c:47:44: warning: null passed to a callee that requires a non-null argument [-Wnonnull]
                     pthread_create(0,0,0,0); pthread_cleanup_pop(0);
                                        ~  ^
3 warnings generated.
configure:17053: $? = 0
configure:17062: result: yes
configure:17081: checking for joinable pthread attribute
configure:17096: gcc -o conftest     conftest.c  -lz  >&5
configure:17096: $? = 0
configure:17102: result: PTHREAD_CREATE_JOINABLE
configure:17112: checking if more special flags are required for pthreads
configure:17119: result: -D_THREAD_SAFE
configure:17208: checking whether to check for GCC pthread/shared inconsistencies
configure:17221: gcc -o conftest -shared -fPIC -Wl,-z,defs  -D_THREAD_SAFE    conftest.c  -lz  >&5
ld: unknown option: -z
clang: error: linker command failed with exit code 1 (use -v to see invocation)
configure:17221: $? = 1
configure: failed program was:
| /* confdefs.h */
| #define PACKAGE_NAME "Protocol Buffers"
| #define PACKAGE_TARNAME "protobuf"
| #define PACKAGE_VERSION "3.1.0"
| #define PACKAGE_STRING "Protocol Buffers 3.1.0"
| #define PACKAGE_BUGREPORT "protobuf@googlegroups.com"
| #define PACKAGE_URL ""
| #define PACKAGE "protobuf"
| #define VERSION "3.1.0"
| #define STDC_HEADERS 1
| #define HAVE_SYS_TYPES_H 1
| #define HAVE_SYS_STAT_H 1
| #define HAVE_STDLIB_H 1
| #define HAVE_STRING_H 1
| #define HAVE_MEMORY_H 1
| #define HAVE_STRINGS_H 1
| #define HAVE_INTTYPES_H 1
| #define HAVE_STDINT_H 1
| #define HAVE_UNISTD_H 1
| #define __EXTENSIONS__ 1
| #define _ALL_SOURCE 1
| #define _GNU_SOURCE 1
| #define _POSIX_PTHREAD_SEMANTICS 1
| #define _TANDEM_SOURCE 1
| #define HAVE_DLFCN_H 1
| #define LT_OBJDIR ".libs/"
| #define STDC_HEADERS 1
| #define HAVE_FCNTL_H 1
| #define HAVE_INTTYPES_H 1
| #define HAVE_LIMITS_H 1
| #define HAVE_STDLIB_H 1
| #define HAVE_UNISTD_H 1
| #define HAVE_FTRUNCATE 1
| #define HAVE_MEMSET 1
| #define HAVE_MKDIR 1
| #define HAVE_STRCHR 1
| #define HAVE_STRERROR 1
| #define HAVE_STRTOL 1
| #define HAVE_ZLIB 1
| /* end confdefs.h.  */
| 
| int
| main ()
| {
| 
|   ;
|   return 0;
| }
configure:17230: result: no
configure:17349: checking whether what we have so far is sufficient with -nostdlib
configure:17367: gcc -o conftest -nostdlib -shared -fPIC -Wl,-z,defs  -D_THREAD_SAFE    conftest.c  -lz  -lc >&5
conftest.c:46:28: warning: null passed to a callee that requires a non-null argument [-Wnonnull]
               pthread_attr_init(0); pthread_cleanup_push(0, 0);
                                 ~^
conftest.c:47:31: warning: null passed to a callee that requires a non-null argument [-Wnonnull]
               pthread_create(0,0,0,0); pthread_cleanup_pop(0);
                              ~      ^
conftest.c:47:31: warning: null passed to a callee that requires a non-null argument [-Wnonnull]
               pthread_create(0,0,0,0); pthread_cleanup_pop(0);
                                  ~  ^
3 warnings generated.
ld: unknown option: -z
clang: error: linker command failed with exit code 1 (use -v to see invocation)
configure:17367: $? = 1
configure: failed program was:
| /* confdefs.h */
| #define PACKAGE_NAME "Protocol Buffers"
| #define PACKAGE_TARNAME "protobuf"
| #define PACKAGE_VERSION "3.1.0"
| #define PACKAGE_STRING "Protocol Buffers 3.1.0"
| #define PACKAGE_BUGREPORT "protobuf@googlegroups.com"
| #define PACKAGE_URL ""
| #define PACKAGE "protobuf"
| #define VERSION "3.1.0"
| #define STDC_HEADERS 1
| #define HAVE_SYS_TYPES_H 1
| #define HAVE_SYS_STAT_H 1
| #define HAVE_STDLIB_H 1
| #define HAVE_STRING_H 1
| #define HAVE_MEMORY_H 1
| #define HAVE_STRINGS_H 1
| #define HAVE_INTTYPES_H 1
| #define HAVE_STDINT_H 1
| #define HAVE_UNISTD_H 1
| #define __EXTENSIONS__ 1
| #define _ALL_SOURCE 1
| #define _GNU_SOURCE 1
| #define _POSIX_PTHREAD_SEMANTICS 1
| #define _TANDEM_SOURCE 1
| #define HAVE_DLFCN_H 1
| #define LT_OBJDIR ".libs/"
| #define STDC_HEADERS 1
| #define HAVE_FCNTL_H 1
| #define HAVE_INTTYPES_H 1
| #define HAVE_LIMITS_H 1
| #define HAVE_STDLIB_H 1
| #define HAVE_UNISTD_H 1
| #define HAVE_FTRUNCATE 1
| #define HAVE_MEMSET 1
| #define HAVE_MKDIR 1
| #define HAVE_STRCHR 1
| #define HAVE_STRERROR 1
| #define HAVE_STRTOL 1
| #define HAVE_ZLIB 1
| /* end confdefs.h.  */
| #include <pthread.h>
| int
| main ()
| {
| pthread_t th; pthread_join(th, 0);
| 	       pthread_attr_init(0); pthread_cleanup_push(0, 0);
| 	       pthread_create(0,0,0,0); pthread_cleanup_pop(0);
|   ;
|   return 0;
| }
configure:17379: result: no
configure:17384: checking whether -lpthread saves the day
configure:17400: gcc -o conftest -nostdlib -shared -fPIC -Wl,-z,defs  -D_THREAD_SAFE    conftest.c -lpthread  -lz  -lc >&5
conftest.c:46:28: warning: null passed to a callee that requires a non-null argument [-Wnonnull]
               pthread_attr_init(0); pthread_cleanup_push(0, 0);
                                 ~^
conftest.c:47:31: warning: null passed to a callee that requires a non-null argument [-Wnonnull]
               pthread_create(0,0,0,0); pthread_cleanup_pop(0);
                              ~      ^
conftest.c:47:31: warning: null passed to a callee that requires a non-null argument [-Wnonnull]
               pthread_create(0,0,0,0); pthread_cleanup_pop(0);
                                  ~  ^
3 warnings generated.
ld: unknown option: -z
clang: error: linker command failed with exit code 1 (use -v to see invocation)
configure:17400: $? = 1
configure: failed program was:
| /* confdefs.h */
| #define PACKAGE_NAME "Protocol Buffers"
| #define PACKAGE_TARNAME "protobuf"
| #define PACKAGE_VERSION "3.1.0"
| #define PACKAGE_STRING "Protocol Buffers 3.1.0"
| #define PACKAGE_BUGREPORT "protobuf@googlegroups.com"
| #define PACKAGE_URL ""
| #define PACKAGE "protobuf"
| #define VERSION "3.1.0"
| #define STDC_HEADERS 1
| #define HAVE_SYS_TYPES_H 1
| #define HAVE_SYS_STAT_H 1
| #define HAVE_STDLIB_H 1
| #define HAVE_STRING_H 1
| #define HAVE_MEMORY_H 1
| #define HAVE_STRINGS_H 1
| #define HAVE_INTTYPES_H 1
| #define HAVE_STDINT_H 1
| #define HAVE_UNISTD_H 1
| #define __EXTENSIONS__ 1
| #define _ALL_SOURCE 1
| #define _GNU_SOURCE 1
| #define _POSIX_PTHREAD_SEMANTICS 1
| #define _TANDEM_SOURCE 1
| #define HAVE_DLFCN_H 1
| #define LT_OBJDIR ".libs/"
| #define STDC_HEADERS 1
| #define HAVE_FCNTL_H 1
| #define HAVE_INTTYPES_H 1
| #define HAVE_LIMITS_H 1
| #define HAVE_STDLIB_H 1
| #define HAVE_UNISTD_H 1
| #define HAVE_FTRUNCATE 1
| #define HAVE_MEMSET 1
| #define HAVE_MKDIR 1
| #define HAVE_STRCHR 1
| #define HAVE_STRERROR 1
| #define HAVE_STRTOL 1
| #define HAVE_ZLIB 1
| /* end confdefs.h.  */
| #include <pthread.h>
| int
| main ()
| {
| pthread_t th; pthread_join(th, 0);
| 	       pthread_attr_init(0); pthread_cleanup_push(0, 0);
| 	       pthread_create(0,0,0,0); pthread_cleanup_pop(0);
|   ;
|   return 0;
| }
configure:17413: result: no
configure:17415: WARNING: Impossible to determine how to use pthreads with shared libraries and -nostdlib
configure:17459: checking the location of hash_map
configure:17485: g++ -c  -g -DNDEBUG  conftest.cpp >&5
configure:17485: $? = 0
configure:17507: g++ -c  -g -DNDEBUG  conftest.cpp >&5
configure:17507: $? = 0
configure:17574: result: <unordered_map>
configure:17589: checking for library containing sched_yield
configure:17620: g++ -o conftest  -g -DNDEBUG   conftest.cpp -lz  >&5
configure:17620: $? = 0
configure:17637: result: none required
configure:17794: checking that generated files are newer than configure
configure:17800: result: done
configure:17851: creating ./config.status

## ---------------------- ##
## Running config.status. ##
## ---------------------- ##

This file was extended by Protocol Buffers config.status 3.1.0, which was
generated by GNU Autoconf 2.69.  Invocation command line was

  CONFIG_FILES    = 
  CONFIG_HEADERS  = 
  CONFIG_LINKS    = 
  CONFIG_COMMANDS = 
  $ ./config.status 

on Vincents-MacBook-Pro.local

config.status:1203: creating Makefile
config.status:1203: creating src/Makefile
config.status:1203: creating benchmarks/Makefile
config.status:1203: creating conformance/Makefile
config.status:1203: creating protobuf.pc
config.status:1203: creating protobuf-lite.pc
config.status:1203: creating config.h
config.status:1432: executing depfiles commands
config.status:1432: executing libtool commands
configure:20411: === configuring in gmock (/Users/vincentngo/Documents/ProtocolBufferTutorial/SampleProject/Starter/protobuf-3.1.0/gmock)
configure:20474: running /bin/sh ./configure --disable-option-checking '--prefix=/usr/local'  --cache-file=/dev/null --srcdir=.

## ---------------- ##
## Cache variables. ##
## ---------------- ##

ac_cv_build=x86_64-apple-darwin16.1.0
ac_cv_c_compiler_gnu=yes
ac_cv_cxx_compiler_gnu=yes
ac_cv_cxx_hash_map='<unordered_map>'
ac_cv_cxx_hash_map_class=unordered_map
ac_cv_cxx_hash_namespace=std
ac_cv_cxx_hash_set='<unordered_set>'
ac_cv_cxx_hash_set_class=unordered_set
ac_cv_env_CCC_set=
ac_cv_env_CCC_value=
ac_cv_env_CC_set=
ac_cv_env_CC_value=
ac_cv_env_CFLAGS_set=
ac_cv_env_CFLAGS_value=
ac_cv_env_CPPFLAGS_set=
ac_cv_env_CPPFLAGS_value=
ac_cv_env_CXXCPP_set=
ac_cv_env_CXXCPP_value=
ac_cv_env_CXXFLAGS_set=
ac_cv_env_CXXFLAGS_value=
ac_cv_env_CXX_set=
ac_cv_env_CXX_value=
ac_cv_env_DIST_LANG_set=
ac_cv_env_DIST_LANG_value=
ac_cv_env_LDFLAGS_set=
ac_cv_env_LDFLAGS_value=
ac_cv_env_LIBS_set=
ac_cv_env_LIBS_value=
ac_cv_env_OBJCFLAGS_set=
ac_cv_env_OBJCFLAGS_value=
ac_cv_env_OBJC_set=
ac_cv_env_OBJC_value=
ac_cv_env_build_alias_set=
ac_cv_env_build_alias_value=
ac_cv_env_host_alias_set=
ac_cv_env_host_alias_value=
ac_cv_env_target_alias_set=
ac_cv_env_target_alias_value=
ac_cv_func_ftruncate=yes
ac_cv_func_memcmp_working=yes
ac_cv_func_memset=yes
ac_cv_func_mkdir=yes
ac_cv_func_strchr=yes
ac_cv_func_strerror=yes
ac_cv_func_strtod=yes
ac_cv_func_strtol=yes
ac_cv_have_decl___SUNPRO_CC=no
ac_cv_header_dlfcn_h=yes
ac_cv_header_fcntl_h=yes
ac_cv_header_inttypes_h=yes
ac_cv_header_limits_h=yes
ac_cv_header_memory_h=yes
ac_cv_header_minix_config_h=no
ac_cv_header_stdc=yes
ac_cv_header_stdint_h=yes
ac_cv_header_stdlib_h=yes
ac_cv_header_string_h=yes
ac_cv_header_strings_h=yes
ac_cv_header_sys_stat_h=yes
ac_cv_header_sys_types_h=yes
ac_cv_header_unistd_h=yes
ac_cv_host=x86_64-apple-darwin16.1.0
ac_cv_objc_compiler_gnu=yes
ac_cv_objext=o
ac_cv_path_EGREP='/usr/bin/grep -E'
ac_cv_path_FGREP='/usr/bin/grep -F'
ac_cv_path_GREP=/usr/bin/grep
ac_cv_path_SED=/usr/bin/sed
ac_cv_path_install='/usr/bin/install -c'
ac_cv_prog_AWK=awk
ac_cv_prog_CXXCPP='g++ -E'
ac_cv_prog_ac_ct_AR=ar
ac_cv_prog_ac_ct_CC=gcc
ac_cv_prog_ac_ct_CXX=g++
ac_cv_prog_ac_ct_DSYMUTIL=dsymutil
ac_cv_prog_ac_ct_LIPO=lipo
ac_cv_prog_ac_ct_NMEDIT=nmedit
ac_cv_prog_ac_ct_OBJC=gcc
ac_cv_prog_ac_ct_OBJDUMP=objdump
ac_cv_prog_ac_ct_OTOOL=otool
ac_cv_prog_ac_ct_RANLIB=ranlib
ac_cv_prog_ac_ct_STRIP=strip
ac_cv_prog_cc_c89=
ac_cv_prog_cc_g=yes
ac_cv_prog_cxx_g=yes
ac_cv_prog_make_make_set=yes
ac_cv_prog_objc_g=yes
ac_cv_safe_to_define___extensions__=yes
ac_cv_search_sched_yield='none required'
ac_cv_search_zlibVersion=-lz
ac_cv_target=x86_64-apple-darwin16.1.0
am_cv_CC_dependencies_compiler_type=gcc3
am_cv_CXX_dependencies_compiler_type=gcc3
am_cv_OBJC_dependencies_compiler_type=gcc3
am_cv_ar_interface=ar
am_cv_make_support_nested_variables=yes
am_cv_prog_cc_c_o=yes
am_cv_prog_tar_ustar=gnutar
lt_cv_apple_cc_single_mod=yes
lt_cv_ar_at_file=no
lt_cv_deplibs_check_method=pass_all
lt_cv_file_magic_cmd='$MAGIC_CMD'
lt_cv_file_magic_test_file=
lt_cv_ld_exported_symbols_list=yes
lt_cv_ld_force_load=yes
lt_cv_ld_reload_flag=-r
lt_cv_nm_interface='BSD nm'
lt_cv_objdir=.libs
lt_cv_path_LD=/Applications/Xcode-beta.app/Contents/Developer/Toolchains/XcodeDefault.xctoolchain/usr/bin/ld
lt_cv_path_LDCXX=/Applications/Xcode-beta.app/Contents/Developer/Toolchains/XcodeDefault.xctoolchain/usr/bin/ld
lt_cv_path_NM='/usr/bin/nm -B'
lt_cv_path_mainfest_tool=no
lt_cv_prog_compiler_c_o=yes
lt_cv_prog_compiler_c_o_CXX=yes
lt_cv_prog_compiler_pic='-fno-common -DPIC'
lt_cv_prog_compiler_pic_CXX='-fno-common -DPIC'
lt_cv_prog_compiler_pic_works=yes
lt_cv_prog_compiler_pic_works_CXX=yes
lt_cv_prog_compiler_rtti_exceptions=yes
lt_cv_prog_compiler_static_works=no
lt_cv_prog_compiler_static_works_CXX=no
lt_cv_prog_gnu_ld=no
lt_cv_prog_gnu_ldcxx=no
lt_cv_sharedlib_from_linklib_cmd='printf %s\n'
lt_cv_sys_global_symbol_pipe='sed -n -e '\''s/^.*[	 ]\([BCDEGRST][BCDEGRST]*\)[	 ][	 ]*_\([_A-Za-z][_A-Za-z0-9]*\)$/\1 _\2 \2/p'\'' | sed '\''/ __gnu_lto/d'\'''
lt_cv_sys_global_symbol_to_c_name_address='sed -n -e '\''s/^: \([^ ]*\)[ ]*$/  {\"\1\", (void *) 0},/p'\'' -e '\''s/^[BCDEGRST]* \([^ ]*\) \([^ ]*\)$/  {"\2", (void *) \&\2},/p'\'''
lt_cv_sys_global_symbol_to_c_name_address_lib_prefix='sed -n -e '\''s/^: \([^ ]*\)[ ]*$/  {\"\1\", (void *) 0},/p'\'' -e '\''s/^[BCDEGRST]* \([^ ]*\) \(lib[^ ]*\)$/  {"\2", (void *) \&\2},/p'\'' -e '\''s/^[BCDEGRST]* \([^ ]*\) \([^ ]*\)$/  {"lib\2", (void *) \&\2},/p'\'''
lt_cv_sys_global_symbol_to_cdecl='sed -n -e '\''s/^T .* \(.*\)$/extern int \1();/p'\'' -e '\''s/^[BCDEGRST]* .* \(.*\)$/extern char \1;/p'\'''
lt_cv_sys_max_cmd_len=196608
lt_cv_to_host_file_cmd=func_convert_file_noop
lt_cv_to_tool_file_cmd=func_convert_file_noop

## ----------------- ##
## Output variables. ##
## ----------------- ##

ACLOCAL='${SHELL} /Users/vincentngo/Documents/ProtocolBufferTutorial/SampleProject/Starter/protobuf-3.1.0/missing aclocal-1.14'
AMDEPBACKSLASH='\'
AMDEP_FALSE='#'
AMDEP_TRUE=''
AMTAR='$${TAR-tar}'
AM_BACKSLASH='\'
AM_DEFAULT_V='$(AM_DEFAULT_VERBOSITY)'
AM_DEFAULT_VERBOSITY='1'
AM_V='$(V)'
AR='ar'
AUTOCONF='${SHELL} /Users/vincentngo/Documents/ProtocolBufferTutorial/SampleProject/Starter/protobuf-3.1.0/missing autoconf'
AUTOHEADER='${SHELL} /Users/vincentngo/Documents/ProtocolBufferTutorial/SampleProject/Starter/protobuf-3.1.0/missing autoheader'
AUTOMAKE='${SHELL} /Users/vincentngo/Documents/ProtocolBufferTutorial/SampleProject/Starter/protobuf-3.1.0/missing automake-1.14'
AWK='awk'
CC='gcc'
CCDEPMODE='depmode=gcc3'
CFLAGS=''
CPPFLAGS=''
CXX='g++'
CXXCPP='g++ -E'
CXXDEPMODE='depmode=gcc3'
CXXFLAGS=' -g -DNDEBUG'
CYGPATH_W='echo'
DEFS='-DHAVE_CONFIG_H'
DEPDIR='.deps'
DIST_LANG='all'
DLLTOOL='false'
DSYMUTIL='dsymutil'
DUMPBIN=''
ECHO_C='\c'
ECHO_N=''
ECHO_T=''
EGREP='/usr/bin/grep -E'
EXEEXT=''
FGREP='/usr/bin/grep -F'
GCC_FALSE='#'
GCC_TRUE=''
GREP='/usr/bin/grep'
HAVE_PTHREAD_FALSE='#'
HAVE_PTHREAD_TRUE=''
HAVE_ZLIB_FALSE='#'
HAVE_ZLIB_TRUE=''
INSTALL_DATA='${INSTALL} -m 644'
INSTALL_PROGRAM='${INSTALL}'
INSTALL_SCRIPT='${INSTALL}'
INSTALL_STRIP_PROGRAM='$(install_sh) -c -s'
ISAINFO=''
LD='/Applications/Xcode-beta.app/Contents/Developer/Toolchains/XcodeDefault.xctoolchain/usr/bin/ld'
LDFLAGS=''
LIBOBJS=''
LIBS='-lz '
LIBTOOL='$(SHELL) $(top_builddir)/libtool'
LIPO='lipo'
LN_S='ln -s'
LTLIBOBJS=''
MAINT=''
MAINTAINER_MODE_FALSE='#'
MAINTAINER_MODE_TRUE=''
MAKEINFO='${SHELL} /Users/vincentngo/Documents/ProtocolBufferTutorial/SampleProject/Starter/protobuf-3.1.0/missing makeinfo'
MANIFEST_TOOL=':'
MKDIR_P='./install-sh -c -d'
NM='/usr/bin/nm -B'
NMEDIT='nmedit'
OBJC='gcc'
OBJCDEPMODE='depmode=gcc3'
OBJCFLAGS='-g -O2'
OBJC_CONFORMANCE_TEST_FALSE='#'
OBJC_CONFORMANCE_TEST_TRUE=''
OBJDUMP='objdump'
OBJEXT='o'
OTOOL64=':'
OTOOL='otool'
PACKAGE='protobuf'
PACKAGE_BUGREPORT='protobuf@googlegroups.com'
PACKAGE_NAME='Protocol Buffers'
PACKAGE_STRING='Protocol Buffers 3.1.0'
PACKAGE_TARNAME='protobuf'
PACKAGE_URL=''
PACKAGE_VERSION='3.1.0'
PATH_SEPARATOR=':'
POW_LIB=''
PROTOBUF_OPT_FLAG='-O2'
PROTOC=''
PTHREAD_CC='gcc'
PTHREAD_CFLAGS='-D_THREAD_SAFE '
PTHREAD_LIBS=''
RANLIB='ranlib'
SED='/usr/bin/sed'
SET_MAKE=''
SHELL='/bin/sh'
STRIP='strip'
USE_EXTERNAL_PROTOC_FALSE=''
USE_EXTERNAL_PROTOC_TRUE='#'
VERSION='3.1.0'
ac_ct_AR='ar'
ac_ct_CC='gcc'
ac_ct_CXX='g++'
ac_ct_DUMPBIN=''
ac_ct_OBJC='gcc'
acx_pthread_config=''
am__EXEEXT_FALSE=''
am__EXEEXT_TRUE='#'
am__fastdepCC_FALSE='#'
am__fastdepCC_TRUE=''
am__fastdepCXX_FALSE='#'
am__fastdepCXX_TRUE=''
am__fastdepOBJC_FALSE='#'
am__fastdepOBJC_TRUE=''
am__include='include'
am__isrc=''
am__leading_dot='.'
am__nodep='_no'
am__quote=''
am__tar='tar --format=ustar -chf - "$$tardir"'
am__untar='tar -xf -'
bindir='${exec_prefix}/bin'
build='x86_64-apple-darwin16.1.0'
build_alias=''
build_cpu='x86_64'
build_os='darwin16.1.0'
build_vendor='apple'
datadir='${datarootdir}'
datarootdir='${prefix}/share'
docdir='${datarootdir}/doc/${PACKAGE_TARNAME}'
dvidir='${docdir}'
exec_prefix='${prefix}'
host='x86_64-apple-darwin16.1.0'
host_alias=''
host_cpu='x86_64'
host_os='darwin16.1.0'
host_vendor='apple'
htmldir='${docdir}'
includedir='${prefix}/include'
infodir='${datarootdir}/info'
install_sh='${SHELL} /Users/vincentngo/Documents/ProtocolBufferTutorial/SampleProject/Starter/protobuf-3.1.0/install-sh'
libdir='${exec_prefix}/lib'
libexecdir='${exec_prefix}/libexec'
localedir='${datarootdir}/locale'
localstatedir='${prefix}/var'
mandir='${datarootdir}/man'
mkdir_p='$(MKDIR_P)'
oldincludedir='/usr/include'
pdfdir='${docdir}'
prefix='/usr/local'
program_transform_name='s,x,x,'
psdir='${docdir}'
sbindir='${exec_prefix}/sbin'
sharedstatedir='${prefix}/com'
subdirs=' gmock'
sysconfdir='${prefix}/etc'
target='x86_64-apple-darwin16.1.0'
target_alias=''
target_cpu='x86_64'
target_os='darwin16.1.0'
target_vendor='apple'

## ----------- ##
## confdefs.h. ##
## ----------- ##

/* confdefs.h */
#define PACKAGE_NAME "Protocol Buffers"
#define PACKAGE_TARNAME "protobuf"
#define PACKAGE_VERSION "3.1.0"
#define PACKAGE_STRING "Protocol Buffers 3.1.0"
#define PACKAGE_BUGREPORT "protobuf@googlegroups.com"
#define PACKAGE_URL ""
#define PACKAGE "protobuf"
#define VERSION "3.1.0"
#define STDC_HEADERS 1
#define HAVE_SYS_TYPES_H 1
#define HAVE_SYS_STAT_H 1
#define HAVE_STDLIB_H 1
#define HAVE_STRING_H 1
#define HAVE_MEMORY_H 1
#define HAVE_STRINGS_H 1
#define HAVE_INTTYPES_H 1
#define HAVE_STDINT_H 1
#define HAVE_UNISTD_H 1
#define __EXTENSIONS__ 1
#define _ALL_SOURCE 1
#define _GNU_SOURCE 1
#define _POSIX_PTHREAD_SEMANTICS 1
#define _TANDEM_SOURCE 1
#define HAVE_DLFCN_H 1
#define LT_OBJDIR ".libs/"
#define STDC_HEADERS 1
#define HAVE_FCNTL_H 1
#define HAVE_INTTYPES_H 1
#define HAVE_LIMITS_H 1
#define HAVE_STDLIB_H 1
#define HAVE_UNISTD_H 1
#define HAVE_FTRUNCATE 1
#define HAVE_MEMSET 1
#define HAVE_MKDIR 1
#define HAVE_STRCHR 1
#define HAVE_STRERROR 1
#define HAVE_STRTOL 1
#define HAVE_ZLIB 1
#define HAVE_PTHREAD 1
#define HAVE_HASH_MAP 1
#define HAVE_HASH_SET 1
#define HASH_MAP_H <unordered_map>
#define HASH_SET_H <unordered_set>
#define HASH_NAMESPACE std
#define HASH_MAP_CLASS unordered_map
#define HASH_SET_CLASS unordered_set

configure: exit 0
